<?xml version="1.0" encoding="UTF-8"?>
<!-- Generated by org.testng.reporters.JUnitReportReporter -->
<testsuite skipped="5" hostname="DESKTOP-MD2112N" name="testcases.LandingPageTest" tests="6" failures="0" timestamp="2021-11-25T17:21:50 AEDT" time="14.576" errors="0">
  <testcase name="LandingPage" time="0.002" classname="testcases.LandingPageTest">
    <skipped/>
  </testcase> <!-- LandingPage -->
  <testcase name="LandingPage" time="13.892" classname="testcases.LandingPageTest"/>
  <testcase name="LandingPage" time="0.001" classname="testcases.LandingPageTest">
    <skipped/>
  </testcase> <!-- LandingPage -->
  <testcase name="LandingPage" time="0.000" classname="testcases.LandingPageTest">
    <skipped/>
  </testcase> <!-- LandingPage -->
  <testcase name="LandingPage" time="0.679" classname="testcases.LandingPageTest">
    <skipped/>
  </testcase> <!-- LandingPage -->
  <testcase name="LandingPage" time="0.002" classname="testcases.LandingPageTest">
    <skipped/>
  </testcase> <!-- LandingPage -->
</testsuite> <!-- testcases.LandingPageTest -->
